This file contains any messages produced by compilers while
running configure, to aid debugging if configure makes a mistake.

It was created by xforms configure 1.2.5pre1, which was
generated by GNU Autoconf 2.69.  Invocation command line was

  $ ./configure CFLAGS=-O2

## --------- ##
## Platform. ##
## --------- ##

hostname = tux-B660M-DS3H-DDR4
uname -m = x86_64
uname -r = 5.15.0-72-generic
uname -s = Linux
uname -v = #79-Ubuntu SMP Wed Apr 19 08:22:18 UTC 2023

/usr/bin/uname -p = x86_64
/bin/uname -X     = unknown

/bin/arch              = x86_64
/usr/bin/arch -k       = unknown
/usr/convex/getsysinfo = unknown
/usr/bin/hostinfo      = unknown
/bin/machine           = unknown
/usr/bin/oslevel       = unknown
/bin/universe          = unknown

PATH: /home/tux/.local/bin
PATH: /usr/local/sbin
PATH: /usr/local/bin
PATH: /usr/sbin
PATH: /usr/bin
PATH: /sbin
PATH: /bin
PATH: /usr/games
PATH: /usr/local/games
PATH: /snap/bin


## ----------- ##
## Core tests. ##
## ----------- ##

configure:2387: checking build system type
configure:2401: result: x86_64-unknown-linux-gnu
configure:2421: checking host system type
configure:2434: result: x86_64-unknown-linux-gnu
configure:2454: checking target system type
configure:2467: result: x86_64-unknown-linux-gnu
configure:2511: checking for a BSD-compatible install
configure:2579: result: /usr/bin/install -c
configure:2590: checking whether build environment is sane
configure:2645: result: yes
configure:2683: WARNING: 'missing' script is too old or missing
configure:2796: checking for a thread-safe mkdir -p
configure:2835: result: /usr/bin/mkdir -p
configure:2842: checking for gawk
configure:2858: found /usr/bin/gawk
configure:2869: result: gawk
configure:2880: checking whether make sets $(MAKE)
configure:2902: result: yes
configure:2931: checking whether make supports nested variables
configure:2948: result: yes
configure:3075: checking whether to enable maintainer-specific portions of Makefiles
configure:3084: result: no
configure:3188: checking for texi2html
configure:3218: result: no
configure:3243: checking for texi2dvi
configure:3273: result: no
configure:3287: checking for convert
configure:3317: result: no
configure:3408: checking for style of include used by make
configure:3436: result: GNU
configure:3507: checking for gcc
configure:3523: found /usr/bin/gcc
configure:3534: result: gcc
configure:3763: checking for C compiler version
configure:3772: gcc --version >&5
gcc (Ubuntu 11.3.0-1ubuntu1~22.04.1) 11.3.0
Copyright (C) 2021 Free Software Foundation, Inc.
This is free software; see the source for copying conditions.  There is NO
warranty; not even for MERCHANTABILITY or FITNESS FOR A PARTICULAR PURPOSE.

configure:3783: $? = 0
configure:3772: gcc -v >&5
Using built-in specs.
COLLECT_GCC=gcc
COLLECT_LTO_WRAPPER=/usr/lib/gcc/x86_64-linux-gnu/11/lto-wrapper
OFFLOAD_TARGET_NAMES=nvptx-none:amdgcn-amdhsa
OFFLOAD_TARGET_DEFAULT=1
Target: x86_64-linux-gnu
Configured with: ../src/configure -v --with-pkgversion='Ubuntu 11.3.0-1ubuntu1~22.04.1' --with-bugurl=file:///usr/share/doc/gcc-11/README.Bugs --enable-languages=c,ada,c++,go,brig,d,fortran,objc,obj-c++,m2 --prefix=/usr --with-gcc-major-version-only --program-suffix=-11 --program-prefix=x86_64-linux-gnu- --enable-shared --enable-linker-build-id --libexecdir=/usr/lib --without-included-gettext --enable-threads=posix --libdir=/usr/lib --enable-nls --enable-bootstrap --enable-clocale=gnu --enable-libstdcxx-debug --enable-libstdcxx-time=yes --with-default-libstdcxx-abi=new --enable-gnu-unique-object --disable-vtable-verify --enable-plugin --enable-default-pie --with-system-zlib --enable-libphobos-checking=release --with-target-system-zlib=auto --enable-objc-gc=auto --enable-multiarch --disable-werror --enable-cet --with-arch-32=i686 --with-abi=m64 --with-multilib-list=m32,m64,mx32 --enable-multilib --with-tune=generic --enable-offload-targets=nvptx-none=/build/gcc-11-aYxV0E/gcc-11-11.3.0/debian/tmp-nvptx/usr,amdgcn-amdhsa=/build/gcc-11-aYxV0E/gcc-11-11.3.0/debian/tmp-gcn/usr --without-cuda-driver --enable-checking=release --build=x86_64-linux-gnu --host=x86_64-linux-gnu --target=x86_64-linux-gnu --with-build-config=bootstrap-lto-lean --enable-link-serialization=2
Thread model: posix
Supported LTO compression algorithms: zlib zstd
gcc version 11.3.0 (Ubuntu 11.3.0-1ubuntu1~22.04.1) 
... rest of stderr output deleted ...
configure:3783: $? = 0
configure:3772: gcc -V >&5
gcc: error: unrecognized command-line option '-V'
gcc: fatal error: no input files
compilation terminated.
configure:3783: $? = 1
configure:3772: gcc -qversion >&5
gcc: error: unrecognized command-line option '-qversion'; did you mean '--version'?
gcc: fatal error: no input files
compilation terminated.
configure:3783: $? = 1
configure:3803: checking whether the C compiler works
configure:3825: gcc -O2   conftest.c  >&5
configure:3829: $? = 0
configure:3877: result: yes
configure:3880: checking for C compiler default output file name
configure:3882: result: a.out
configure:3888: checking for suffix of executables
configure:3895: gcc -o conftest -O2   conftest.c  >&5
configure:3899: $? = 0
configure:3921: result: 
configure:3943: checking whether we are cross compiling
configure:3951: gcc -o conftest -O2   conftest.c  >&5
configure:3955: $? = 0
configure:3962: ./conftest
configure:3966: $? = 0
configure:3981: result: no
configure:3986: checking for suffix of object files
configure:4008: gcc -c -O2  conftest.c >&5
configure:4012: $? = 0
configure:4033: result: o
configure:4037: checking whether we are using the GNU C compiler
configure:4056: gcc -c -O2  conftest.c >&5
configure:4056: $? = 0
configure:4065: result: yes
configure:4074: checking whether gcc accepts -g
configure:4094: gcc -c -g  conftest.c >&5
configure:4094: $? = 0
configure:4135: result: yes
configure:4152: checking for gcc option to accept ISO C89
configure:4215: gcc  -c -O2  conftest.c >&5
configure:4215: $? = 0
configure:4228: result: none needed
configure:4253: checking whether gcc understands -c and -o together
configure:4275: gcc -c conftest.c -o conftest2.o
configure:4278: $? = 0
configure:4275: gcc -c conftest.c -o conftest2.o
configure:4278: $? = 0
configure:4290: result: yes
configure:4309: checking dependency style of gcc
configure:4420: result: gcc3
configure:4509: checking how to run the C preprocessor
configure:4540: gcc -E  conftest.c
configure:4540: $? = 0
configure:4554: gcc -E  conftest.c
conftest.c:11:10: fatal error: ac_nonexistent.h: No such file or directory
   11 | #include <ac_nonexistent.h>
      |          ^~~~~~~~~~~~~~~~~~
compilation terminated.
configure:4554: $? = 1
configure: failed program was:
| /* confdefs.h */
| #define PACKAGE_NAME "xforms"
| #define PACKAGE_TARNAME "xforms"
| #define PACKAGE_VERSION "1.2.5pre1"
| #define PACKAGE_STRING "xforms 1.2.5pre1"
| #define PACKAGE_BUGREPORT "xforms-development@nongnu.org"
| #define PACKAGE_URL ""
| #define PACKAGE "xforms"
| #define VERSION "1.2.5pre1"
| /* end confdefs.h.  */
| #include <ac_nonexistent.h>
configure:4579: result: gcc -E
configure:4599: gcc -E  conftest.c
configure:4599: $? = 0
configure:4613: gcc -E  conftest.c
conftest.c:11:10: fatal error: ac_nonexistent.h: No such file or directory
   11 | #include <ac_nonexistent.h>
      |          ^~~~~~~~~~~~~~~~~~
compilation terminated.
configure:4613: $? = 1
configure: failed program was:
| /* confdefs.h */
| #define PACKAGE_NAME "xforms"
| #define PACKAGE_TARNAME "xforms"
| #define PACKAGE_VERSION "1.2.5pre1"
| #define PACKAGE_STRING "xforms 1.2.5pre1"
| #define PACKAGE_BUGREPORT "xforms-development@nongnu.org"
| #define PACKAGE_URL ""
| #define PACKAGE "xforms"
| #define VERSION "1.2.5pre1"
| /* end confdefs.h.  */
| #include <ac_nonexistent.h>
configure:4642: checking whether make sets $(MAKE)
configure:4664: result: yes
configure:4678: checking for library containing strerror
configure:4709: gcc -o conftest -O2   conftest.c  >&5
configure:4709: $? = 0
configure:4726: result: none required
configure:4735: checking for grep that handles long lines and -e
configure:4793: result: /usr/bin/grep
configure:4798: checking for egrep
configure:4860: result: /usr/bin/grep -E
configure:4865: checking for ANSI C header files
configure:4885: gcc -c -O2  conftest.c >&5
configure:4885: $? = 0
configure:4958: gcc -o conftest -O2   conftest.c  >&5
configure:4958: $? = 0
configure:4958: ./conftest
configure:4958: $? = 0
configure:4969: result: yes
configure:4982: checking for sys/types.h
configure:4982: gcc -c -O2  conftest.c >&5
configure:4982: $? = 0
configure:4982: result: yes
configure:4982: checking for sys/stat.h
configure:4982: gcc -c -O2  conftest.c >&5
configure:4982: $? = 0
configure:4982: result: yes
configure:4982: checking for stdlib.h
configure:4982: gcc -c -O2  conftest.c >&5
configure:4982: $? = 0
configure:4982: result: yes
configure:4982: checking for string.h
configure:4982: gcc -c -O2  conftest.c >&5
configure:4982: $? = 0
configure:4982: result: yes
configure:4982: checking for memory.h
configure:4982: gcc -c -O2  conftest.c >&5
configure:4982: $? = 0
configure:4982: result: yes
configure:4982: checking for strings.h
configure:4982: gcc -c -O2  conftest.c >&5
configure:4982: $? = 0
configure:4982: result: yes
configure:4982: checking for inttypes.h
configure:4982: gcc -c -O2  conftest.c >&5
configure:4982: $? = 0
configure:4982: result: yes
configure:4982: checking for stdint.h
configure:4982: gcc -c -O2  conftest.c >&5
configure:4982: $? = 0
configure:4982: result: yes
configure:4982: checking for unistd.h
configure:4982: gcc -c -O2  conftest.c >&5
configure:4982: $? = 0
configure:4982: result: yes
configure:4995: checking minix/config.h usability
configure:4995: gcc -c -O2  conftest.c >&5
conftest.c:54:10: fatal error: minix/config.h: No such file or directory
   54 | #include <minix/config.h>
      |          ^~~~~~~~~~~~~~~~
compilation terminated.
configure:4995: $? = 1
configure: failed program was:
| /* confdefs.h */
| #define PACKAGE_NAME "xforms"
| #define PACKAGE_TARNAME "xforms"
| #define PACKAGE_VERSION "1.2.5pre1"
| #define PACKAGE_STRING "xforms 1.2.5pre1"
| #define PACKAGE_BUGREPORT "xforms-development@nongnu.org"
| #define PACKAGE_URL ""
| #define PACKAGE "xforms"
| #define VERSION "1.2.5pre1"
| #define STDC_HEADERS 1
| #define HAVE_SYS_TYPES_H 1
| #define HAVE_SYS_STAT_H 1
| #define HAVE_STDLIB_H 1
| #define HAVE_STRING_H 1
| #define HAVE_MEMORY_H 1
| #define HAVE_STRINGS_H 1
| #define HAVE_INTTYPES_H 1
| #define HAVE_STDINT_H 1
| #define HAVE_UNISTD_H 1
| /* end confdefs.h.  */
| #include <stdio.h>
| #ifdef HAVE_SYS_TYPES_H
| # include <sys/types.h>
| #endif
| #ifdef HAVE_SYS_STAT_H
| # include <sys/stat.h>
| #endif
| #ifdef STDC_HEADERS
| # include <stdlib.h>
| # include <stddef.h>
| #else
| # ifdef HAVE_STDLIB_H
| #  include <stdlib.h>
| # endif
| #endif
| #ifdef HAVE_STRING_H
| # if !defined STDC_HEADERS && defined HAVE_MEMORY_H
| #  include <memory.h>
| # endif
| # include <string.h>
| #endif
| #ifdef HAVE_STRINGS_H
| # include <strings.h>
| #endif
| #ifdef HAVE_INTTYPES_H
| # include <inttypes.h>
| #endif
| #ifdef HAVE_STDINT_H
| # include <stdint.h>
| #endif
| #ifdef HAVE_UNISTD_H
| # include <unistd.h>
| #endif
| #include <minix/config.h>
configure:4995: result: no
configure:4995: checking minix/config.h presence
configure:4995: gcc -E  conftest.c
conftest.c:21:10: fatal error: minix/config.h: No such file or directory
   21 | #include <minix/config.h>
      |          ^~~~~~~~~~~~~~~~
compilation terminated.
configure:4995: $? = 1
configure: failed program was:
| /* confdefs.h */
| #define PACKAGE_NAME "xforms"
| #define PACKAGE_TARNAME "xforms"
| #define PACKAGE_VERSION "1.2.5pre1"
| #define PACKAGE_STRING "xforms 1.2.5pre1"
| #define PACKAGE_BUGREPORT "xforms-development@nongnu.org"
| #define PACKAGE_URL ""
| #define PACKAGE "xforms"
| #define VERSION "1.2.5pre1"
| #define STDC_HEADERS 1
| #define HAVE_SYS_TYPES_H 1
| #define HAVE_SYS_STAT_H 1
| #define HAVE_STDLIB_H 1
| #define HAVE_STRING_H 1
| #define HAVE_MEMORY_H 1
| #define HAVE_STRINGS_H 1
| #define HAVE_INTTYPES_H 1
| #define HAVE_STDINT_H 1
| #define HAVE_UNISTD_H 1
| /* end confdefs.h.  */
| #include <minix/config.h>
configure:4995: result: no
configure:4995: checking for minix/config.h
configure:4995: result: no
configure:5016: checking whether it is safe to define __EXTENSIONS__
configure:5034: gcc -c -O2  conftest.c >&5
configure:5034: $? = 0
configure:5041: result: yes
configure:5169: checking how to print strings
configure:5196: result: printf
configure:5217: checking for a sed that does not truncate output
configure:5281: result: /usr/bin/sed
configure:5299: checking for fgrep
configure:5361: result: /usr/bin/grep -F
configure:5396: checking for ld used by gcc
configure:5463: result: /usr/bin/ld
configure:5470: checking if the linker (/usr/bin/ld) is GNU ld
configure:5485: result: yes
configure:5497: checking for BSD- or MS-compatible name lister (nm)
configure:5546: result: /usr/bin/nm -B
configure:5676: checking the name lister (/usr/bin/nm -B) interface
configure:5683: gcc -c -O2  conftest.c >&5
configure:5686: /usr/bin/nm -B "conftest.o"
configure:5689: output
0000000000000000 B some_variable
configure:5696: result: BSD nm
configure:5699: checking whether ln -s works
configure:5703: result: yes
configure:5711: checking the maximum length of command line arguments
configure:5842: result: 1572864
configure:5859: checking whether the shell understands some XSI constructs
configure:5869: result: yes
configure:5873: checking whether the shell understands "+="
configure:5879: result: yes
configure:5914: checking how to convert x86_64-unknown-linux-gnu file names to x86_64-unknown-linux-gnu format
configure:5954: result: func_convert_file_noop
configure:5961: checking how to convert x86_64-unknown-linux-gnu file names to toolchain format
configure:5981: result: func_convert_file_noop
configure:5988: checking for /usr/bin/ld option to reload object files
configure:5995: result: -r
configure:6069: checking for objdump
configure:6085: found /usr/bin/objdump
configure:6096: result: objdump
configure:6128: checking how to recognize dependent libraries
configure:6326: result: pass_all
configure:6411: checking for dlltool
configure:6441: result: no
configure:6471: checking how to associate runtime and link libraries
configure:6498: result: printf %s\n
configure:6558: checking for ar
configure:6574: found /usr/bin/ar
configure:6585: result: ar
configure:6622: checking for archiver @FILE support
configure:6639: gcc -c -O2  conftest.c >&5
configure:6639: $? = 0
configure:6642: ar cru libconftest.a @conftest.lst >&5
ar: `u' modifier ignored since `D' is the default (see `U')
configure:6645: $? = 0
configure:6650: ar cru libconftest.a @conftest.lst >&5
ar: `u' modifier ignored since `D' is the default (see `U')
ar: conftest.o: No such file or directory
configure:6653: $? = 1
configure:6665: result: @
configure:6723: checking for strip
configure:6739: found /usr/bin/strip
configure:6750: result: strip
configure:6822: checking for ranlib
configure:6838: found /usr/bin/ranlib
configure:6849: result: ranlib
configure:6951: checking command to parse /usr/bin/nm -B output from gcc object
configure:7071: gcc -c -O2  conftest.c >&5
configure:7074: $? = 0
configure:7078: /usr/bin/nm -B conftest.o \| sed -n -e 's/^.*[ ]\([ABCDGIRSTW][ABCDGIRSTW]*\)[ ][ ]*\([_A-Za-z][_A-Za-z0-9]*\)$/\1 \2 \2/p' | sed '/ __gnu_lto/d' \> conftest.nm
configure:7081: $? = 0
configure:7147: gcc -o conftest -O2   conftest.c conftstm.o >&5
configure:7150: $? = 0
configure:7188: result: ok
configure:7225: checking for sysroot
configure:7255: result: no
configure:7332: gcc -c -O2  conftest.c >&5
configure:7335: $? = 0
configure:7524: checking for mt
configure:7540: found /usr/bin/mt
configure:7551: result: mt
configure:7574: checking if mt is a manifest tool
configure:7580: mt '-?'
configure:7588: result: no
configure:8227: checking for dlfcn.h
configure:8227: gcc -c -O2  conftest.c >&5
configure:8227: $? = 0
configure:8227: result: yes
configure:8433: checking for objdir
configure:8448: result: .libs
configure:8719: checking if gcc supports -fno-rtti -fno-exceptions
configure:8737: gcc -c -O2  -fno-rtti -fno-exceptions conftest.c >&5
cc1: warning: command-line option '-fno-rtti' is valid for C++/D/ObjC++ but not for C
configure:8741: $? = 0
configure:8754: result: no
configure:9081: checking for gcc option to produce PIC
configure:9088: result: -fPIC -DPIC
configure:9096: checking if gcc PIC flag -fPIC -DPIC works
configure:9114: gcc -c -O2  -fPIC -DPIC -DPIC conftest.c >&5
configure:9118: $? = 0
configure:9131: result: yes
configure:9160: checking if gcc static flag -static works
configure:9188: result: yes
configure:9203: checking if gcc supports -c -o file.o
configure:9224: gcc -c -O2  -o out/conftest2.o conftest.c >&5
configure:9228: $? = 0
configure:9250: result: yes
configure:9258: checking if gcc supports -c -o file.o
configure:9305: result: yes
configure:9338: checking whether the gcc linker (/usr/bin/ld -m elf_x86_64) supports shared libraries
configure:10495: result: yes
configure:10532: checking whether -lc should be explicitly linked in
configure:10540: gcc -c -O2  conftest.c >&5
configure:10543: $? = 0
configure:10558: gcc -shared  -fPIC -DPIC conftest.o  -v -Wl,-soname -Wl,conftest -o conftest 2\>\&1 \| /usr/bin/grep  -lc  \>/dev/null 2\>\&1
configure:10561: $? = 0
configure:10575: result: no
configure:10735: checking dynamic linker characteristics
configure:11235: gcc -o conftest -O2   -Wl,-rpath -Wl,/foo conftest.c  >&5
configure:11235: $? = 0
configure:11469: result: GNU/Linux ld.so
configure:11576: checking how to hardcode library paths into programs
configure:11601: result: immediate
configure:12141: checking whether stripping libraries is possible
configure:12146: result: yes
configure:12181: checking if libtool supports shared libraries
configure:12183: result: yes
configure:12186: checking whether to build shared libraries
configure:12207: result: yes
configure:12210: checking whether to build static libraries
configure:12214: result: yes
configure:12267: checking for extra library directory
configure:12280: result: NONE
configure:12312: checking for extra include directory
configure:12325: result: NONE
configure:12348: checking for extra lib+include directory
configure:12361: result: NONE
configure:12387: checking for an ANSI C-conforming const
configure:12453: gcc -c -O2  conftest.c >&5
configure:12453: $? = 0
configure:12460: result: yes
configure:12467: checking for pid_t
configure:12467: gcc -c -O2  conftest.c >&5
configure:12467: $? = 0
configure:12467: gcc -c -O2  conftest.c >&5
conftest.c: In function 'main':
conftest.c:64:20: error: expected expression before ')' token
   64 | if (sizeof ((pid_t)))
      |                    ^
configure:12467: $? = 1
configure: failed program was:
| /* confdefs.h */
| #define PACKAGE_NAME "xforms"
| #define PACKAGE_TARNAME "xforms"
| #define PACKAGE_VERSION "1.2.5pre1"
| #define PACKAGE_STRING "xforms 1.2.5pre1"
| #define PACKAGE_BUGREPORT "xforms-development@nongnu.org"
| #define PACKAGE_URL ""
| #define PACKAGE "xforms"
| #define VERSION "1.2.5pre1"
| #define STDC_HEADERS 1
| #define HAVE_SYS_TYPES_H 1
| #define HAVE_SYS_STAT_H 1
| #define HAVE_STDLIB_H 1
| #define HAVE_STRING_H 1
| #define HAVE_MEMORY_H 1
| #define HAVE_STRINGS_H 1
| #define HAVE_INTTYPES_H 1
| #define HAVE_STDINT_H 1
| #define HAVE_UNISTD_H 1
| #define __EXTENSIONS__ 1
| #define _ALL_SOURCE 1
| #define _GNU_SOURCE 1
| #define _POSIX_PTHREAD_SEMANTICS 1
| #define _TANDEM_SOURCE 1
| #define HAVE_DLFCN_H 1
| #define LT_OBJDIR ".libs/"
| /* end confdefs.h.  */
| #include <stdio.h>
| #ifdef HAVE_SYS_TYPES_H
| # include <sys/types.h>
| #endif
| #ifdef HAVE_SYS_STAT_H
| # include <sys/stat.h>
| #endif
| #ifdef STDC_HEADERS
| # include <stdlib.h>
| # include <stddef.h>
| #else
| # ifdef HAVE_STDLIB_H
| #  include <stdlib.h>
| # endif
| #endif
| #ifdef HAVE_STRING_H
| # if !defined STDC_HEADERS && defined HAVE_MEMORY_H
| #  include <memory.h>
| # endif
| # include <string.h>
| #endif
| #ifdef HAVE_STRINGS_H
| # include <strings.h>
| #endif
| #ifdef HAVE_INTTYPES_H
| # include <inttypes.h>
| #endif
| #ifdef HAVE_STDINT_H
| # include <stdint.h>
| #endif
| #ifdef HAVE_UNISTD_H
| # include <unistd.h>
| #endif
| int
| main ()
| {
| if (sizeof ((pid_t)))
| 	    return 0;
|   ;
|   return 0;
| }
configure:12467: result: yes
configure:12478: checking for size_t
configure:12478: gcc -c -O2  conftest.c >&5
configure:12478: $? = 0
configure:12478: gcc -c -O2  conftest.c >&5
conftest.c: In function 'main':
conftest.c:64:21: error: expected expression before ')' token
   64 | if (sizeof ((size_t)))
      |                     ^
configure:12478: $? = 1
configure: failed program was:
| /* confdefs.h */
| #define PACKAGE_NAME "xforms"
| #define PACKAGE_TARNAME "xforms"
| #define PACKAGE_VERSION "1.2.5pre1"
| #define PACKAGE_STRING "xforms 1.2.5pre1"
| #define PACKAGE_BUGREPORT "xforms-development@nongnu.org"
| #define PACKAGE_URL ""
| #define PACKAGE "xforms"
| #define VERSION "1.2.5pre1"
| #define STDC_HEADERS 1
| #define HAVE_SYS_TYPES_H 1
| #define HAVE_SYS_STAT_H 1
| #define HAVE_STDLIB_H 1
| #define HAVE_STRING_H 1
| #define HAVE_MEMORY_H 1
| #define HAVE_STRINGS_H 1
| #define HAVE_INTTYPES_H 1
| #define HAVE_STDINT_H 1
| #define HAVE_UNISTD_H 1
| #define __EXTENSIONS__ 1
| #define _ALL_SOURCE 1
| #define _GNU_SOURCE 1
| #define _POSIX_PTHREAD_SEMANTICS 1
| #define _TANDEM_SOURCE 1
| #define HAVE_DLFCN_H 1
| #define LT_OBJDIR ".libs/"
| /* end confdefs.h.  */
| #include <stdio.h>
| #ifdef HAVE_SYS_TYPES_H
| # include <sys/types.h>
| #endif
| #ifdef HAVE_SYS_STAT_H
| # include <sys/stat.h>
| #endif
| #ifdef STDC_HEADERS
| # include <stdlib.h>
| # include <stddef.h>
| #else
| # ifdef HAVE_STDLIB_H
| #  include <stdlib.h>
| # endif
| #endif
| #ifdef HAVE_STRING_H
| # if !defined STDC_HEADERS && defined HAVE_MEMORY_H
| #  include <memory.h>
| # endif
| # include <string.h>
| #endif
| #ifdef HAVE_STRINGS_H
| # include <strings.h>
| #endif
| #ifdef HAVE_INTTYPES_H
| # include <inttypes.h>
| #endif
| #ifdef HAVE_STDINT_H
| # include <stdint.h>
| #endif
| #ifdef HAVE_UNISTD_H
| # include <unistd.h>
| #endif
| int
| main ()
| {
| if (sizeof ((size_t)))
| 	    return 0;
|   ;
|   return 0;
| }
configure:12478: result: yes
configure:12492: checking for sin in -lm
configure:12517: gcc -o conftest -O2   conftest.c -lm   >&5
conftest.c:35:6: warning: conflicting types for built-in function 'sin'; expected 'double(double)' [-Wbuiltin-declaration-mismatch]
   35 | char sin ();
      |      ^~~
conftest.c:1:1: note: 'sin' is declared in header '<math.h>'
    1 | /* confdefs.h */
configure:12517: $? = 0
configure:12526: result: yes
configure:12537: checking for fopen in -lc
configure:12562: gcc -o conftest -O2   conftest.c -lc  -lm  >&5
configure:12562: $? = 0
configure:12571: result: yes
configure:12587: checking sys/select.h usability
configure:12587: gcc -c -O2  conftest.c >&5
configure:12587: $? = 0
configure:12587: result: yes
configure:12587: checking sys/select.h presence
configure:12587: gcc -E  conftest.c
configure:12587: $? = 0
configure:12587: result: yes
configure:12587: checking for sys/select.h
configure:12587: result: yes
configure:12606: checking GL/glx.h usability
configure:12606: gcc -c -O2  conftest.c >&5
configure:12606: $? = 0
configure:12606: result: yes
configure:12606: checking GL/glx.h presence
configure:12606: gcc -E  conftest.c
configure:12606: $? = 0
configure:12606: result: yes
configure:12606: checking for GL/glx.h
configure:12606: result: yes
configure:12628: checking for X
configure:12767: gcc -o conftest -O2   conftest.c -lX11 -lc -lm  >&5
configure:12767: $? = 0
configure:12817: result: libraries , headers 
configure:12916: gcc -o conftest -O2   conftest.c -lc -lm   -lX11 >&5
configure:12916: $? = 0
configure:13014: checking for gethostbyname
configure:13014: gcc -o conftest -O2   conftest.c -lc -lm  >&5
configure:13014: $? = 0
configure:13014: result: yes
configure:13111: checking for connect
configure:13111: gcc -o conftest -O2   conftest.c -lc -lm  >&5
configure:13111: $? = 0
configure:13111: result: yes
configure:13160: checking for remove
configure:13160: gcc -o conftest -O2   conftest.c -lc -lm  >&5
configure:13160: $? = 0
configure:13160: result: yes
configure:13209: checking for shmat
configure:13209: gcc -o conftest -O2   conftest.c -lc -lm  >&5
configure:13209: $? = 0
configure:13209: result: yes
configure:13267: checking for IceConnectionNumber in -lICE
configure:13292: gcc -o conftest -O2   conftest.c -lICE  -lc -lm  >&5
configure:13292: $? = 0
configure:13301: result: yes
configure:13315: checking for XpmCreateBufferFromImage in -lXpm
configure:13340: gcc -o conftest -O2   conftest.c -lXpm   -lSM -lICE -lc -lm   -lX11  >&5
configure:13340: $? = 0
configure:13349: result: yes
configure:13370: checking X11/xpm.h usability
configure:13370: gcc -c -O2   conftest.c >&5
configure:13370: $? = 0
configure:13370: result: yes
configure:13370: checking X11/xpm.h presence
configure:13370: gcc -E   conftest.c
configure:13370: $? = 0
configure:13370: result: yes
configure:13370: checking for X11/xpm.h
configure:13370: result: yes
configure:13404: checking xpm header version
configure:13429: result: .
configure:13449: checking for jpeg_CreateDecompress in -ljpeg
configure:13474: gcc -o conftest -O2   conftest.c -ljpeg  -lc -lm  >&5
configure:13474: $? = 0
configure:13483: result: yes
configure:13502: checking return type of signal handlers
configure:13520: gcc -c -O2  conftest.c >&5
conftest.c: In function 'main':
conftest.c:38:10: error: void value not ignored as it ought to be
   38 | return *(signal (0, 0)) (0) == 1;
      |         ~^~~~~~~~~~~~~~~~~~
configure:13520: $? = 1
configure: failed program was:
| /* confdefs.h */
| #define PACKAGE_NAME "xforms"
| #define PACKAGE_TARNAME "xforms"
| #define PACKAGE_VERSION "1.2.5pre1"
| #define PACKAGE_STRING "xforms 1.2.5pre1"
| #define PACKAGE_BUGREPORT "xforms-development@nongnu.org"
| #define PACKAGE_URL ""
| #define PACKAGE "xforms"
| #define VERSION "1.2.5pre1"
| #define STDC_HEADERS 1
| #define HAVE_SYS_TYPES_H 1
| #define HAVE_SYS_STAT_H 1
| #define HAVE_STDLIB_H 1
| #define HAVE_STRING_H 1
| #define HAVE_MEMORY_H 1
| #define HAVE_STRINGS_H 1
| #define HAVE_INTTYPES_H 1
| #define HAVE_STDINT_H 1
| #define HAVE_UNISTD_H 1
| #define __EXTENSIONS__ 1
| #define _ALL_SOURCE 1
| #define _GNU_SOURCE 1
| #define _POSIX_PTHREAD_SEMANTICS 1
| #define _TANDEM_SOURCE 1
| #define HAVE_DLFCN_H 1
| #define LT_OBJDIR ".libs/"
| #define HAVE_LIBM 1
| #define HAVE_LIBC 1
| #define HAVE_SYS_SELECT_H 1
| #define XPM_H_LOCATION <X11/xpm.h>
| /* end confdefs.h.  */
| #include <sys/types.h>
| #include <signal.h>
| 
| int
| main ()
| {
| return *(signal (0, 0)) (0) == 1;
|   ;
|   return 0;
| }
configure:13527: result: void
configure:13543: checking for snprintf
configure:13543: gcc -o conftest -O2   conftest.c -lc -lm  >&5
conftest.c:57:6: warning: conflicting types for built-in function 'snprintf'; expected 'int(char *, long unsigned int,  const char *, ...)' [-Wbuiltin-declaration-mismatch]
   57 | char snprintf ();
      |      ^~~~~~~~
conftest.c:45:1: note: 'snprintf' is declared in header '<stdio.h>'
   44 | # include <limits.h>
   45 | #else
configure:13543: $? = 0
configure:13543: result: yes
configure:13543: checking for strcasecmp
configure:13543: gcc -o conftest -O2   conftest.c -lc -lm  >&5
conftest.c:58:6: warning: conflicting types for built-in function 'strcasecmp'; expected 'int(const char *, const char *)' [-Wbuiltin-declaration-mismatch]
   58 | char strcasecmp ();
      |      ^~~~~~~~~~
configure:13543: $? = 0
configure:13543: result: yes
configure:13543: checking for strerror
configure:13543: gcc -o conftest -O2   conftest.c -lc -lm  >&5
configure:13543: $? = 0
configure:13543: result: yes
configure:13543: checking for usleep
configure:13543: gcc -o conftest -O2   conftest.c -lc -lm  >&5
configure:13543: $? = 0
configure:13543: result: yes
configure:13543: checking for nanosleep
configure:13543: gcc -o conftest -O2   conftest.c -lc -lm  >&5
configure:13543: $? = 0
configure:13543: result: yes
configure:13543: checking for vsnprintf
configure:13543: gcc -o conftest -O2   conftest.c -lc -lm  >&5
conftest.c:62:6: warning: conflicting types for built-in function 'vsnprintf'; expected 'int(char *, long unsigned int,  const char *, __va_list_tag *)' [-Wbuiltin-declaration-mismatch]
   62 | char vsnprintf ();
      |      ^~~~~~~~~
conftest.c:50:1: note: 'vsnprintf' is declared in header '<stdio.h>'
   49 | # include <limits.h>
   50 | #else
configure:13543: $? = 0
configure:13543: result: yes
configure:13543: checking for vasprintf
configure:13543: gcc -o conftest -O2   conftest.c -lc -lm  >&5
configure:13543: $? = 0
configure:13543: result: yes
configure:13543: checking for sigaction
configure:13543: gcc -o conftest -O2   conftest.c -lc -lm  >&5
configure:13543: $? = 0
configure:13543: result: yes
configure:13555: checking if snprintf is declared by header stdio.h
configure:13564: result: yes
configure:13581: checking if vsnprintf is declared by header stdio.h
configure:13590: result: yes
configure:13607: checking if vasprintf is declared by header stdio.h
configure:13616: result: yes
configure:13633: checking if sigaction is declared by header signal.h
configure:13642: result: yes
configure:13783: checking that generated files are newer than configure
configure:13789: result: done
configure:13844: creating ./config.status

## ---------------------- ##
## Running config.status. ##
## ---------------------- ##

This file was extended by xforms config.status 1.2.5pre1, which was
generated by GNU Autoconf 2.69.  Invocation command line was

  CONFIG_FILES    = 
  CONFIG_HEADERS  = 
  CONFIG_LINKS    = 
  CONFIG_COMMANDS = 
  $ ./config.status 

on tux-B660M-DS3H-DDR4

config.status:1159: creating Makefile
config.status:1159: creating libforms.spec
config.status:1159: creating lib/include/AAA.h
config.status:1159: creating config/Makefile
config.status:1159: creating lib/Makefile
config.status:1159: creating lib/bitmaps/Makefile
config.status:1159: creating lib/fd/Makefile
config.status:1159: creating lib/include/Makefile
config.status:1159: creating lib/private/Makefile
config.status:1159: creating image/Makefile
config.status:1159: creating gl/Makefile
config.status:1159: creating fdesign/Makefile
config.status:1159: creating fdesign/fd/Makefile
config.status:1159: creating fdesign/spec/Makefile
config.status:1159: creating fdesign/xpm/Makefile
config.status:1159: creating fd2ps/Makefile
config.status:1159: creating fd2ps/test/Makefile
config.status:1159: creating demos/Makefile
config.status:1159: creating demos/fd/Makefile
config.status:1159: creating doc/Makefile
config.status:1159: creating doc/xforms_images/Makefile
config.status:1159: creating lib/config.h
config.status:1340: lib/config.h is unchanged
config.status:1388: executing depfiles commands
config.status:1388: executing libtool commands

## ---------------- ##
## Cache variables. ##
## ---------------- ##

ac_cv_build=x86_64-unknown-linux-gnu
ac_cv_c_compiler_gnu=yes
ac_cv_c_const=yes
ac_cv_env_CC_set=
ac_cv_env_CC_value=
ac_cv_env_CFLAGS_set=set
ac_cv_env_CFLAGS_value=-O2
ac_cv_env_CPPFLAGS_set=
ac_cv_env_CPPFLAGS_value=
ac_cv_env_CPP_set=
ac_cv_env_CPP_value=
ac_cv_env_LDFLAGS_set=
ac_cv_env_LDFLAGS_value=
ac_cv_env_LIBS_set=
ac_cv_env_LIBS_value=
ac_cv_env_XMKMF_set=
ac_cv_env_XMKMF_value=
ac_cv_env_build_alias_set=
ac_cv_env_build_alias_value=
ac_cv_env_host_alias_set=
ac_cv_env_host_alias_value=
ac_cv_env_target_alias_set=
ac_cv_env_target_alias_value=
ac_cv_func_connect=yes
ac_cv_func_gethostbyname=yes
ac_cv_func_nanosleep=yes
ac_cv_func_remove=yes
ac_cv_func_shmat=yes
ac_cv_func_sigaction=yes
ac_cv_func_snprintf=yes
ac_cv_func_strcasecmp=yes
ac_cv_func_strerror=yes
ac_cv_func_usleep=yes
ac_cv_func_vasprintf=yes
ac_cv_func_vsnprintf=yes
ac_cv_have_x='have_x=yes	ac_x_includes='\'''\''	ac_x_libraries='\'''\'''
ac_cv_header_GL_glx_h=yes
ac_cv_header_X11_xpm_h=yes
ac_cv_header_dlfcn_h=yes
ac_cv_header_inttypes_h=yes
ac_cv_header_memory_h=yes
ac_cv_header_minix_config_h=no
ac_cv_header_stdc=yes
ac_cv_header_stdint_h=yes
ac_cv_header_stdlib_h=yes
ac_cv_header_string_h=yes
ac_cv_header_strings_h=yes
ac_cv_header_sys_select_h=yes
ac_cv_header_sys_stat_h=yes
ac_cv_header_sys_types_h=yes
ac_cv_header_unistd_h=yes
ac_cv_header_xpm_h=yes
ac_cv_host=x86_64-unknown-linux-gnu
ac_cv_lib_ICE_IceConnectionNumber=yes
ac_cv_lib_Xpm_XpmCreateBufferFromImage=yes
ac_cv_lib_c_fopen=yes
ac_cv_lib_jpeg_jpeg_CreateDecompress=yes
ac_cv_lib_m_sin=yes
ac_cv_objext=o
ac_cv_path_EGREP='/usr/bin/grep -E'
ac_cv_path_FGREP='/usr/bin/grep -F'
ac_cv_path_GREP=/usr/bin/grep
ac_cv_path_SED=/usr/bin/sed
ac_cv_path_install='/usr/bin/install -c'
ac_cv_path_mkdir=/usr/bin/mkdir
ac_cv_prog_AWK=gawk
ac_cv_prog_CPP='gcc -E'
ac_cv_prog_ac_ct_AR=ar
ac_cv_prog_ac_ct_CC=gcc
ac_cv_prog_ac_ct_MANIFEST_TOOL=mt
ac_cv_prog_ac_ct_OBJDUMP=objdump
ac_cv_prog_ac_ct_RANLIB=ranlib
ac_cv_prog_ac_ct_STRIP=strip
ac_cv_prog_cc_c89=
ac_cv_prog_cc_g=yes
ac_cv_prog_make_make_set=yes
ac_cv_safe_to_define___extensions__=yes
ac_cv_search_strerror='none required'
ac_cv_target=x86_64-unknown-linux-gnu
ac_cv_type_pid_t=yes
ac_cv_type_signal=void
ac_cv_type_size_t=yes
am_cv_CC_dependencies_compiler_type=gcc3
am_cv_make_support_nested_variables=yes
am_cv_prog_cc_c_o=yes
lt_cv_ar_at_file=@
lt_cv_archive_cmds_need_lc=no
lt_cv_deplibs_check_method=pass_all
lt_cv_file_magic_cmd='$MAGIC_CMD'
lt_cv_file_magic_test_file=
lt_cv_ld_reload_flag=-r
lt_cv_nm_interface='BSD nm'
lt_cv_objdir=.libs
lt_cv_path_LD=/usr/bin/ld
lt_cv_path_NM='/usr/bin/nm -B'
lt_cv_path_mainfest_tool=no
lt_cv_prog_compiler_c_o=yes
lt_cv_prog_compiler_pic='-fPIC -DPIC'
lt_cv_prog_compiler_pic_works=yes
lt_cv_prog_compiler_rtti_exceptions=no
lt_cv_prog_compiler_static_works=yes
lt_cv_prog_gnu_ld=yes
lt_cv_sharedlib_from_linklib_cmd='printf %s\n'
lt_cv_shlibpath_overrides_runpath=yes
lt_cv_sys_global_symbol_pipe='sed -n -e '\''s/^.*[	 ]\([ABCDGIRSTW][ABCDGIRSTW]*\)[	 ][	 ]*\([_A-Za-z][_A-Za-z0-9]*\)$/\1 \2 \2/p'\'' | sed '\''/ __gnu_lto/d'\'''
lt_cv_sys_global_symbol_to_c_name_address='sed -n -e '\''s/^: \([^ ]*\)[ ]*$/  {\"\1\", (void *) 0},/p'\'' -e '\''s/^[ABCDGIRSTW]* \([^ ]*\) \([^ ]*\)$/  {"\2", (void *) \&\2},/p'\'''
lt_cv_sys_global_symbol_to_c_name_address_lib_prefix='sed -n -e '\''s/^: \([^ ]*\)[ ]*$/  {\"\1\", (void *) 0},/p'\'' -e '\''s/^[ABCDGIRSTW]* \([^ ]*\) \(lib[^ ]*\)$/  {"\2", (void *) \&\2},/p'\'' -e '\''s/^[ABCDGIRSTW]* \([^ ]*\) \([^ ]*\)$/  {"lib\2", (void *) \&\2},/p'\'''
lt_cv_sys_global_symbol_to_cdecl='sed -n -e '\''s/^T .* \(.*\)$/extern int \1();/p'\'' -e '\''s/^[ABCDGIRSTW]* .* \(.*\)$/extern char \1;/p'\'''
lt_cv_sys_max_cmd_len=1572864
lt_cv_to_host_file_cmd=func_convert_file_noop
lt_cv_to_tool_file_cmd=func_convert_file_noop
xforms_cv_extra_inc=NONE
xforms_cv_extra_lib=NONE
xforms_cv_extra_prefix=NONE
xforms_cv_xpm_h_location='<X11/xpm.h>'
xforms_cv_xpmversion=.

## ----------------- ##
## Output variables. ##
## ----------------- ##

ACLOCAL='aclocal-1.14'
AMDEPBACKSLASH='\'
AMDEP_FALSE='#'
AMDEP_TRUE=''
AMTAR='$${TAR-tar}'
AM_BACKSLASH='\'
AM_DEFAULT_V='$(AM_DEFAULT_VERBOSITY)'
AM_DEFAULT_VERBOSITY='1'
AM_V='$(V)'
AR='ar'
AUTOCONF='autoconf'
AUTOHEADER='autoheader'
AUTOMAKE='automake-1.14'
AWK='gawk'
BUILD_DEMOS_FALSE=''
BUILD_DEMOS_TRUE='#'
BUILD_DOCS_FALSE=''
BUILD_DOCS_TRUE='#'
BUILD_GL_FALSE='#'
BUILD_GL_TRUE=''
BUILD_HTML_DOCS_FALSE=''
BUILD_HTML_DOCS_TRUE='#'
BUILD_PDF_DOCS_FALSE=''
BUILD_PDF_DOCS_TRUE='#'
CC='gcc'
CCDEPMODE='depmode=gcc3'
CFLAGS='-O2'
CONVERT='no'
CPP='gcc -E'
CPPFLAGS=''
CYGPATH_W='echo'
DEFS='-DHAVE_CONFIG_H'
DEPDIR='.deps'
DLLTOOL='false'
DSYMUTIL=''
DUMPBIN=''
ECHO_C=''
ECHO_N='-n'
ECHO_T=''
EGREP='/usr/bin/grep -E'
EXEEXT=''
FGREP='/usr/bin/grep -F'
FL_FIXLEVEL='5pre1'
FL_REVISION='2'
FL_VERSION='1'
GREP='/usr/bin/grep'
INSTALL_DATA='${INSTALL} -m 644'
INSTALL_PROGRAM='${INSTALL}'
INSTALL_SCRIPT='${INSTALL}'
INSTALL_STRIP_PROGRAM='$(install_sh) -c -s'
JPEG_LIB='-ljpeg'
LD='/usr/bin/ld -m elf_x86_64'
LDFLAGS=''
LIBOBJS=''
LIBS='-lc -lm '
LIBTOOL='$(SHELL) $(top_builddir)/libtool'
LIPO=''
LN_S='ln -s'
LTLIBOBJS=''
MAINT='#'
MAINTAINER_MODE_FALSE=''
MAINTAINER_MODE_TRUE='#'
MAKEINFO='makeinfo'
MANIFEST_TOOL=':'
MKDIR_P='/usr/bin/mkdir -p'
NM='/usr/bin/nm -B'
NMEDIT=''
OBJDUMP='objdump'
OBJEXT='o'
OTOOL64=''
OTOOL=''
PACKAGE='xforms'
PACKAGE_BUGREPORT='xforms-development@nongnu.org'
PACKAGE_NAME='xforms'
PACKAGE_STRING='xforms 1.2.5pre1'
PACKAGE_TARNAME='xforms'
PACKAGE_URL=''
PACKAGE_VERSION='1.2.5pre1'
PATH_SEPARATOR=':'
RANLIB='ranlib'
SED='/usr/bin/sed'
SET_MAKE=''
SHELL='/bin/bash'
SO_VERSION='3:5:1'
STRIP='strip'
TEXI2DVI='no'
TEXI2DVI_NEEDS_PDF=''
TEXI2HTML='no'
USE_BWC_BS_HACK_FALSE=''
USE_BWC_BS_HACK_TRUE='#'
USE_CLASSIC_EDITKEYS_FALSE=''
USE_CLASSIC_EDITKEYS_TRUE='#'
VERSION='1.2.5pre1'
XMKMF=''
XPM_LIB='-lXpm'
X_CFLAGS=''
X_EXTRA_LIBS=''
X_LIBS=''
X_PRE_LIBS=' -lSM -lICE'
ac_ct_AR='ar'
ac_ct_CC='gcc'
ac_ct_DUMPBIN=''
am__EXEEXT_FALSE=''
am__EXEEXT_TRUE='#'
am__fastdepCC_FALSE='#'
am__fastdepCC_TRUE=''
am__include='include'
am__isrc=''
am__leading_dot='.'
am__nodep='_no'
am__quote=''
am__tar='$${TAR-tar} chof - "$$tardir"'
am__untar='$${TAR-tar} xf -'
bindir='${exec_prefix}/bin'
build='x86_64-unknown-linux-gnu'
build_alias=''
build_cpu='x86_64'
build_os='linux-gnu'
build_vendor='unknown'
datadir='${datarootdir}'
datarootdir='${prefix}/share'
docdir='${datarootdir}/doc/${PACKAGE_TARNAME}'
dvidir='${docdir}'
exec_prefix='${prefix}'
host='x86_64-unknown-linux-gnu'
host_alias=''
host_cpu='x86_64'
host_os='linux-gnu'
host_vendor='unknown'
htmldir='${docdir}'
includedir='${prefix}/include'
infodir='${datarootdir}/info'
install_sh='${SHELL} /home/tux/Schreibtisch/xforms-1.2.5pre1/config/install-sh'
libdir='${exec_prefix}/lib'
libexecdir='${exec_prefix}/libexec'
localedir='${datarootdir}/locale'
localstatedir='${prefix}/var'
mandir='${datarootdir}/man'
mkdir_p='$(MKDIR_P)'
oldincludedir='/usr/include'
pdfdir='${docdir}'
prefix='/usr/local'
program_transform_name='s,x,x,'
psdir='${docdir}'
sbindir='${exec_prefix}/sbin'
sharedstatedir='${prefix}/com'
sysconfdir='${prefix}/etc'
target='x86_64-unknown-linux-gnu'
target_alias=''
target_cpu='x86_64'
target_os='linux-gnu'
target_vendor='unknown'

## ----------- ##
## confdefs.h. ##
## ----------- ##

/* confdefs.h */
#define PACKAGE_NAME "xforms"
#define PACKAGE_TARNAME "xforms"
#define PACKAGE_VERSION "1.2.5pre1"
#define PACKAGE_STRING "xforms 1.2.5pre1"
#define PACKAGE_BUGREPORT "xforms-development@nongnu.org"
#define PACKAGE_URL ""
#define PACKAGE "xforms"
#define VERSION "1.2.5pre1"
#define STDC_HEADERS 1
#define HAVE_SYS_TYPES_H 1
#define HAVE_SYS_STAT_H 1
#define HAVE_STDLIB_H 1
#define HAVE_STRING_H 1
#define HAVE_MEMORY_H 1
#define HAVE_STRINGS_H 1
#define HAVE_INTTYPES_H 1
#define HAVE_STDINT_H 1
#define HAVE_UNISTD_H 1
#define __EXTENSIONS__ 1
#define _ALL_SOURCE 1
#define _GNU_SOURCE 1
#define _POSIX_PTHREAD_SEMANTICS 1
#define _TANDEM_SOURCE 1
#define HAVE_DLFCN_H 1
#define LT_OBJDIR ".libs/"
#define HAVE_LIBM 1
#define HAVE_LIBC 1
#define HAVE_SYS_SELECT_H 1
#define XPM_H_LOCATION <X11/xpm.h>
#define RETSIGTYPE void
#define RETSIGTYPE_IS_VOID 1
#define HAVE_SNPRINTF 1
#define HAVE_STRCASECMP 1
#define HAVE_STRERROR 1
#define HAVE_USLEEP 1
#define HAVE_NANOSLEEP 1
#define HAVE_VSNPRINTF 1
#define HAVE_VASPRINTF 1
#define HAVE_SIGACTION 1
#define HAVE_DECL_SNPRINTF 1
#define HAVE_DECL_VSNPRINTF 1
#define HAVE_DECL_VASPRINTF 1
#define HAVE_DECL_SIGACTION 1

configure: exit 0

## ---------------------- ##
## Running config.status. ##
## ---------------------- ##

This file was extended by xforms config.status 1.2.5pre1, which was
generated by GNU Autoconf 2.69.  Invocation command line was

  CONFIG_FILES    = 
  CONFIG_HEADERS  = 
  CONFIG_LINKS    = 
  CONFIG_COMMANDS = 
  $ ./config.status lib/include/AAA.h

on tux-B660M-DS3H-DDR4

config.status:1159: creating lib/include/AAA.h
